[INFO] - LOADED 3 EVENTS
[INFO] - LOADED 2 COMMANDS
[INFO] - CONNECTION HAS BEEN ESTABLISHED WITH DATABASE
[INFO] - --------------------------------------------------------
[96mReady since[39m :  Sat, 02 Oct 2021 16:33:16 GMT
[96mBot[39m         :  Radius
[96mMembers[39m     :  4
[96mServers[39m     :  1
[93mHAVE A GREAT DAY!![39m
--------------------------------------------------------
[ERROR] - Cannot read properties of undefined (reading 'prefix')
[ERROR] - value too long for type character varying(5)
[INFO] - LOADED 3 EVENTS
[INFO] - LOADED 2 COMMANDS
[INFO] - CONNECTION HAS BEEN ESTABLISHED WITH DATABASE
[INFO] - --------------------------------------------------------
[96mReady since[39m :  Sat, 02 Oct 2021 16:35:40 GMT
[96mBot[39m         :  Radius
[96mMembers[39m     :  4
[96mServers[39m     :  1
[93mHAVE A GREAT DAY!![39m
--------------------------------------------------------
[ERROR] - value too long for type character varying(5)
[INFO] - LOADED 2 COMMANDS
[INFO] - LOADED 3 EVENTS
[INFO] - CONNECTION HAS BEEN ESTABLISHED WITH DATABASE
[INFO] - --------------------------------------------------------
[96mReady since[39m :  Sat, 02 Oct 2021 16:41:06 GMT
[96mBot[39m         :  Radius
[96mMembers[39m     :  4
[96mServers[39m     :  1
[93mHAVE A GREAT DAY!![39m
--------------------------------------------------------
[INFO] - LOADED 3 EVENTS
[INFO] - LOADED 2 COMMANDS
[INFO] - CONNECTION HAS BEEN ESTABLISHED WITH DATABASE
[INFO] - --------------------------------------------------------
[96mReady since[39m :  Sat, 02 Oct 2021 16:43:36 GMT
[96mBot[39m         :  Radius
[96mMembers[39m     :  4
[96mServers[39m     :  1
[93mHAVE A GREAT DAY!![39m
--------------------------------------------------------
[ERROR] - value too long for type character varying(5)
[INFO] - LOADED 3 EVENTS
[INFO] - LOADED 2 COMMANDS
[INFO] - CONNECTION HAS BEEN ESTABLISHED WITH DATABASE
[INFO] - --------------------------------------------------------
[96mReady since[39m :  Sat, 02 Oct 2021 16:45:05 GMT
[96mBot[39m         :  Radius
[96mMembers[39m     :  4
[96mServers[39m     :  1
[93mHAVE A GREAT DAY!![39m
--------------------------------------------------------
[INFO] - LOADED 3 EVENTS
[INFO] - LOADED 2 COMMANDS
[INFO] - CONNECTION HAS BEEN ESTABLISHED WITH DATABASE
[INFO] - --------------------------------------------------------
[96mReady since[39m :  Sat, 02 Oct 2021 16:45:15 GMT
[96mBot[39m         :  Radius
[96mMembers[39m     :  4
[96mServers[39m     :  1
[93mHAVE A GREAT DAY!![39m
--------------------------------------------------------
[ERROR] - value too long for type character varying(5)
[INFO] - LOADED 2 COMMANDS
[INFO] - LOADED 3 EVENTS
[INFO] - CONNECTION HAS BEEN ESTABLISHED WITH DATABASE
[INFO] - --------------------------------------------------------
[96mReady since[39m :  Sat, 02 Oct 2021 16:46:44 GMT
[96mBot[39m         :  Radius
[96mMembers[39m     :  4
[96mServers[39m     :  1
[93mHAVE A GREAT DAY!![39m
--------------------------------------------------------
[ERROR] - value too long for type character varying(5)
[INFO] - d!
[INFO] - LOADED 2 COMMANDS
[INFO] - LOADED 3 EVENTS
[INFO] - CONNECTION HAS BEEN ESTABLISHED WITH DATABASE
[INFO] - --------------------------------------------------------
[96mReady since[39m :  Sat, 02 Oct 2021 16:52:34 GMT
[96mBot[39m         :  Radius
[96mMembers[39m     :  5
[96mServers[39m     :  1
[93mHAVE A GREAT DAY!![39m
--------------------------------------------------------
[INFO] - LOADED 2 COMMANDS
[INFO] - LOADED 3 EVENTS
[INFO] - CONNECTION HAS BEEN ESTABLISHED WITH DATABASE
[INFO] - --------------------------------------------------------
[96mReady since[39m :  Sat, 02 Oct 2021 16:53:41 GMT
[96mBot[39m         :  Radius
[96mMembers[39m     :  5
[96mServers[39m     :  1
[93mHAVE A GREAT DAY!![39m
--------------------------------------------------------
[INFO] - f!
[ERROR] - value too long for type character varying(5)
[INFO] - LOADED 2 COMMANDS
[INFO] - LOADED 3 EVENTS
[INFO] - CONNECTION HAS BEEN ESTABLISHED WITH DATABASE
[INFO] - --------------------------------------------------------
[96mReady since[39m :  Sat, 02 Oct 2021 16:56:55 GMT
[96mBot[39m         :  Radius
[96mMembers[39m     :  5
[96mServers[39m     :  1
[93mHAVE A GREAT DAY!![39m
--------------------------------------------------------
[ERROR] - value too long for type character varying(5)
[INFO] - f
[ERROR] - value too long for type character varying(5)
[INFO] - LOADED 2 COMMANDS
[INFO] - LOADED 3 EVENTS
[INFO] - CONNECTION HAS BEEN ESTABLISHED WITH DATABASE
[INFO] - --------------------------------------------------------
[96mReady since[39m :  Sat, 02 Oct 2021 17:00:54 GMT
[96mBot[39m         :  Radius
[96mMembers[39m     :  5
[96mServers[39m     :  1
[93mHAVE A GREAT DAY!![39m
--------------------------------------------------------
[INFO] - f
[INFO] - LOADED 2 COMMANDS
[INFO] - LOADED 3 EVENTS
[INFO] - CONNECTION HAS BEEN ESTABLISHED WITH DATABASE
[INFO] - --------------------------------------------------------
[96mReady since[39m :  Sat, 02 Oct 2021 17:03:17 GMT
[96mBot[39m         :  Radius
[96mMembers[39m     :  5
[96mServers[39m     :  1
[93mHAVE A GREAT DAY!![39m
--------------------------------------------------------
[INFO] - f
[INFO] - f
[INFO] - -
[INFO] - -
[INFO] - LOADED 3 EVENTS
[INFO] - LOADED 2 COMMANDS
[INFO] - CONNECTION HAS BEEN ESTABLISHED WITH DATABASE
[INFO] - --------------------------------------------------------
[96mReady since[39m :  Sat, 02 Oct 2021 17:04:46 GMT
[96mBot[39m         :  Radius
[96mMembers[39m     :  5
[96mServers[39m     :  1
[93mHAVE A GREAT DAY!![39m
--------------------------------------------------------
[INFO] - -
[INFO] - -
[ERROR] - value too long for type character varying(5)
[INFO] - -
[ERROR] - value too long for type character varying(5)
[INFO] - -
[INFO] - !
[INFO] - LOADED 3 EVENTS
[INFO] - LOADED 2 COMMANDS
[INFO] - CONNECTION HAS BEEN ESTABLISHED WITH DATABASE
[INFO] - --------------------------------------------------------
[96mReady since[39m :  Sat, 02 Oct 2021 17:08:39 GMT
[96mBot[39m         :  Radius
[96mMembers[39m     :  5
[96mServers[39m     :  1
[93mHAVE A GREAT DAY!![39m
--------------------------------------------------------
[INFO] - !
[INFO] - !
[INFO] - LOADED 2 COMMANDS
[INFO] - LOADED 3 EVENTS
[INFO] - CONNECTION HAS BEEN ESTABLISHED WITH DATABASE
[INFO] - LOADED 3 EVENTS
[INFO] - LOADED 3 COMMANDS
[INFO] - CONNECTION HAS BEEN ESTABLISHED WITH DATABASE
[INFO] - --------------------------------------------------------
[96mReady since[39m :  Sat, 02 Oct 2021 17:14:19 GMT
[96mBot[39m         :  Radius
[96mMembers[39m     :  5
[96mServers[39m     :  1
[93mHAVE A GREAT DAY!![39m
--------------------------------------------------------
[INFO] - LOADED 3 COMMANDS
[INFO] - LOADED 3 EVENTS
[INFO] - CONNECTION HAS BEEN ESTABLISHED WITH DATABASE
[INFO] - --------------------------------------------------------
[96mReady since[39m :  Sat, 02 Oct 2021 17:15:30 GMT
[96mBot[39m         :  Radius
[96mMembers[39m     :  4
[96mServers[39m     :  1
[93mHAVE A GREAT DAY!![39m
--------------------------------------------------------
[INFO] - LOADED 4 COMMANDS
[INFO] - LOADED 3 EVENTS
[INFO] - CONNECTION HAS BEEN ESTABLISHED WITH DATABASE
[INFO] - LOADED 3 EVENTS
[INFO] - LOADED 4 COMMANDS
[INFO] - CONNECTION HAS BEEN ESTABLISHED WITH DATABASE
[ERROR] - The user aborted a request.
[INFO] - LOADED 3 EVENTS
[INFO] - LOADED 4 COMMANDS
[INFO] - CONNECTION HAS BEEN ESTABLISHED WITH DATABASE
[INFO] - LOADED 4 COMMANDS
[INFO] - LOADED 3 EVENTS
[INFO] - CONNECTION HAS BEEN ESTABLISHED WITH DATABASE
[INFO] - --------------------------------------------------------
[96mReady since[39m :  Sat, 02 Oct 2021 17:19:07 GMT
[96mBot[39m         :  Radius
[96mMembers[39m     :  4
[96mServers[39m     :  1
[93mHAVE A GREAT DAY!![39m
--------------------------------------------------------
[INFO] - LOADED 4 COMMANDS
[INFO] - LOADED 3 EVENTS
[INFO] - CONNECTION HAS BEEN ESTABLISHED WITH DATABASE
[INFO] - --------------------------------------------------------
[96mReady since[39m :  Sat, 02 Oct 2021 17:21:57 GMT
[96mBot[39m         :  Radius
[96mMembers[39m     :  4
[96mServers[39m     :  1
[93mHAVE A GREAT DAY!![39m
--------------------------------------------------------
[INFO] - LOADED 4 COMMANDS
[INFO] - LOADED 3 EVENTS
[INFO] - CONNECTION HAS BEEN ESTABLISHED WITH DATABASE
[INFO] - LOADED 5 COMMANDS
[INFO] - LOADED 3 EVENTS
[INFO] - CONNECTION HAS BEEN ESTABLISHED WITH DATABASE
[INFO] - --------------------------------------------------------
[96mReady since[39m :  Sat, 02 Oct 2021 17:38:37 GMT
[96mBot[39m         :  Radius
[96mMembers[39m     :  4
[96mServers[39m     :  1
[93mHAVE A GREAT DAY!![39m
--------------------------------------------------------
[INFO] - LOADED 5 COMMANDS
[INFO] - LOADED 3 EVENTS
[INFO] - CONNECTION HAS BEEN ESTABLISHED WITH DATABASE
[ERROR] - request to https://discord.com/api/v9/gateway/bot failed, reason: getaddrinfo ENOTFOUND discord.com
[INFO] - LOADED 3 EVENTS
[INFO] - LOADED 5 COMMANDS
[INFO] - CONNECTION HAS BEEN ESTABLISHED WITH DATABASE
[INFO] - --------------------------------------------------------
[96mReady since[39m :  Sun, 03 Oct 2021 05:32:14 GMT
[96mBot[39m         :  Radius
[96mMembers[39m     :  3
[96mServers[39m     :  1
[93mHAVE A GREAT DAY!![39m
--------------------------------------------------------
[INFO] - LOADED 5 COMMANDS
[INFO] - LOADED 3 EVENTS
[INFO] - CONNECTION HAS BEEN ESTABLISHED WITH DATABASE
[INFO] - --------------------------------------------------------
Ready since :  Sun, 03 Oct 2021 05:32:38 GMT
Bot         :  Radius
Members     :  3
Servers     :  1
HAVE A GREAT DAY!!
--------------------------------------------------------
[INFO] - LOADED 3 EVENTS
[INFO] - LOADED 5 COMMANDS
[INFO] - CONNECTION HAS BEEN ESTABLISHED WITH DATABASE
[INFO] - --------------------------------------------------------
Ready since :  Mon, 04 Oct 2021 11:04:25 GMT
Bot         :  Radius
Members     :  3
Servers     :  1
HAVE A GREAT DAY!!
--------------------------------------------------------
[INFO] - LOADED 6 COMMANDS
[INFO] - LOADED 3 EVENTS
[INFO] - CONNECTION HAS BEEN ESTABLISHED WITH DATABASE
[ERROR] - An invalid token was provided.
[INFO] - LOADED 3 EVENTS
[INFO] - LOADED 6 COMMANDS
[INFO] - CONNECTION HAS BEEN ESTABLISHED WITH DATABASE
[INFO] - --------------------------------------------------------
[96mReady since[39m :  Mon, 04 Oct 2021 11:35:58 GMT
[96mBot[39m         :  Radius
[96mMembers[39m     :  3
[96mServers[39m     :  1
[93mHAVE A GREAT DAY!![39m
--------------------------------------------------------
[INFO] - LOADED 3 EVENTS
[INFO] - LOADED 6 COMMANDS
[INFO] - CONNECTION HAS BEEN ESTABLISHED WITH DATABASE
[ERROR] - request to https://discord.com/api/v9/gateway/bot failed, reason: connect EHOSTUNREACH 162.159.137.232:443
[INFO] - LOADED 6 COMMANDS
[INFO] - LOADED 3 EVENTS
[INFO] - CONNECTION HAS BEEN ESTABLISHED WITH DATABASE
[ERROR] - request to https://discord.com/api/v9/gateway/bot failed, reason: connect EHOSTUNREACH 162.159.137.232:443
[INFO] - LOADED 3 EVENTS
[INFO] - LOADED 6 COMMANDS
[INFO] - CONNECTION HAS BEEN ESTABLISHED WITH DATABASE
[ERROR] - request to https://discord.com/api/v9/gateway/bot failed, reason: connect EHOSTUNREACH 162.159.128.233:443
[INFO] - LOADED 3 EVENTS
[INFO] - LOADED 6 COMMANDS
[INFO] - CONNECTION HAS BEEN ESTABLISHED WITH DATABASE
[ERROR] - request to https://discord.com/api/v9/gateway/bot failed, reason: connect EHOSTUNREACH 162.159.128.233:443
[INFO] - LOADED 3 EVENTS
[INFO] - LOADED 6 COMMANDS
[INFO] - CONNECTION HAS BEEN ESTABLISHED WITH DATABASE
[INFO] - --------------------------------------------------------
[96mReady since[39m :  Mon, 04 Oct 2021 12:02:50 GMT
[96mBot[39m         :  Radius
[96mMembers[39m     :  676
[96mServers[39m     :  2
[93mHAVE A GREAT DAY!![39m
--------------------------------------------------------
[ERROR] - Cannot read properties of undefined (reading 'permissions')
[INFO] - LOADED 6 COMMANDS
[INFO] - LOADED 3 EVENTS
[INFO] - CONNECTION HAS BEEN ESTABLISHED WITH DATABASE
[INFO] - --------------------------------------------------------
[96mReady since[39m :  Mon, 04 Oct 2021 12:09:00 GMT
[96mBot[39m         :  Radius
[96mMembers[39m     :  676
[96mServers[39m     :  2
[93mHAVE A GREAT DAY!![39m
--------------------------------------------------------
[ERROR] - Cannot read properties of undefined (reading 'permissions')
[ERROR] - Cannot read properties of undefined (reading 'permissions')
[ERROR] - Cannot read properties of undefined (reading 'permissions')
[INFO] - LOADED 6 COMMANDS
[INFO] - LOADED 3 EVENTS
[INFO] - CONNECTION HAS BEEN ESTABLISHED WITH DATABASE
[INFO] - --------------------------------------------------------
[96mReady since[39m :  Mon, 04 Oct 2021 12:13:58 GMT
[96mBot[39m         :  Radius
[96mMembers[39m     :  676
[96mServers[39m     :  2
[93mHAVE A GREAT DAY!![39m
--------------------------------------------------------
[INFO] - LOADED 3 EVENTS
[INFO] - LOADED 6 COMMANDS
[INFO] - CONNECTION HAS BEEN ESTABLISHED WITH DATABASE
[INFO] - --------------------------------------------------------
[96mReady since[39m :  Mon, 04 Oct 2021 12:15:27 GMT
[96mBot[39m         :  Radius
[96mMembers[39m     :  676
[96mServers[39m     :  2
[93mHAVE A GREAT DAY!![39m
--------------------------------------------------------
[INFO] - LOADED 3 EVENTS
[INFO] - LOADED 6 COMMANDS
[INFO] - CONNECTION HAS BEEN ESTABLISHED WITH DATABASE
[ERROR] - An invalid token was provided.
[INFO] - LOADED 3 EVENTS
[INFO] - LOADED 6 COMMANDS
[INFO] - CONNECTION HAS BEEN ESTABLISHED WITH DATABASE
[ERROR] - An invalid token was provided.
[INFO] - LOADED 6 COMMANDS
[INFO] - LOADED 3 EVENTS
[INFO] - CONNECTION HAS BEEN ESTABLISHED WITH DATABASE
[ERROR] - An invalid token was provided.
[INFO] - LOADED 3 EVENTS
[INFO] - LOADED 6 COMMANDS
[INFO] - CONNECTION HAS BEEN ESTABLISHED WITH DATABASE
[INFO] - --------------------------------------------------------
[96mReady since[39m :  Mon, 04 Oct 2021 12:18:02 GMT
[96mBot[39m         :  Radius
[96mMembers[39m     :  676
[96mServers[39m     :  2
[93mHAVE A GREAT DAY!![39m
--------------------------------------------------------
[INFO] - LOADED 6 COMMANDS
[INFO] - LOADED 3 EVENTS
[INFO] - CONNECTION HAS BEEN ESTABLISHED WITH DATABASE
[INFO] - --------------------------------------------------------
[96mReady since[39m :  Mon, 04 Oct 2021 12:39:06 GMT
[96mBot[39m         :  Radius
[96mMembers[39m     :  676
[96mServers[39m     :  2
[93mHAVE A GREAT DAY!![39m
--------------------------------------------------------
[INFO] - LOADED 6 COMMANDS
[INFO] - LOADED 3 EVENTS
[INFO] - CONNECTION HAS BEEN ESTABLISHED WITH DATABASE
[INFO] - --------------------------------------------------------
[96mReady since[39m :  Mon, 04 Oct 2021 12:41:00 GMT
[96mBot[39m         :  Radius
[96mMembers[39m     :  676
[96mServers[39m     :  2
[93mHAVE A GREAT DAY!![39m
--------------------------------------------------------
[INFO] - LOADED 6 COMMANDS
[INFO] - LOADED 3 EVENTS
[INFO] - CONNECTION HAS BEEN ESTABLISHED WITH DATABASE
[INFO] - --------------------------------------------------------
[96mReady since[39m :  Mon, 04 Oct 2021 13:44:47 GMT
[96mBot[39m         :  Radius
[96mMembers[39m     :  675
[96mServers[39m     :  2
[93mHAVE A GREAT DAY!![39m
--------------------------------------------------------
[INFO] - LOADED 6 COMMANDS
[INFO] - LOADED 3 EVENTS
[INFO] - CONNECTION HAS BEEN ESTABLISHED WITH DATABASE
[INFO] - --------------------------------------------------------
[96mReady since[39m :  Mon, 04 Oct 2021 13:48:52 GMT
[96mBot[39m         :  Radius
[96mMembers[39m     :  675
[96mServers[39m     :  2
[93mHAVE A GREAT DAY!![39m
--------------------------------------------------------
[INFO] - LOADED 3 EVENTS
[INFO] - LOADED 6 COMMANDS
[INFO] - CONNECTION HAS BEEN ESTABLISHED WITH DATABASE
[INFO] - --------------------------------------------------------
[96mReady since[39m :  Mon, 04 Oct 2021 13:49:56 GMT
[96mBot[39m         :  Radius
[96mMembers[39m     :  675
[96mServers[39m     :  2
[93mHAVE A GREAT DAY!![39m
--------------------------------------------------------
[INFO] - LOADED 3 EVENTS
[INFO] - LOADED 6 COMMANDS
[INFO] - CONNECTION HAS BEEN ESTABLISHED WITH DATABASE
[INFO] - --------------------------------------------------------
[96mReady since[39m :  Mon, 04 Oct 2021 13:52:08 GMT
[96mBot[39m         :  Radius
[96mMembers[39m     :  675
[96mServers[39m     :  2
[93mHAVE A GREAT DAY!![39m
--------------------------------------------------------
[INFO] - LOADED 3 EVENTS
[INFO] - LOADED 6 COMMANDS
[INFO] - CONNECTION HAS BEEN ESTABLISHED WITH DATABASE
[INFO] - --------------------------------------------------------
[96mReady since[39m :  Mon, 04 Oct 2021 14:04:32 GMT
[96mBot[39m         :  Radius
[96mMembers[39m     :  675
[96mServers[39m     :  2
[93mHAVE A GREAT DAY!![39m
--------------------------------------------------------
[INFO] - LOADED 3 EVENTS
[INFO] - LOADED 6 COMMANDS
[INFO] - CONNECTION HAS BEEN ESTABLISHED WITH DATABASE
[INFO] - --------------------------------------------------------
[96mReady since[39m :  Mon, 04 Oct 2021 14:05:54 GMT
[96mBot[39m         :  Radius
[96mMembers[39m     :  675
[96mServers[39m     :  2
[93mHAVE A GREAT DAY!![39m
--------------------------------------------------------
[INFO] - LOADED 6 COMMANDS
[INFO] - LOADED 3 EVENTS
[INFO] - CONNECTION HAS BEEN ESTABLISHED WITH DATABASE
[INFO] - --------------------------------------------------------
[96mReady since[39m :  Mon, 04 Oct 2021 14:14:58 GMT
[96mBot[39m         :  Radius
[96mMembers[39m     :  675
[96mServers[39m     :  2
[93mHAVE A GREAT DAY!![39m
--------------------------------------------------------
[INFO] - LOADED 3 EVENTS
[INFO] - LOADED 6 COMMANDS
[INFO] - CONNECTION HAS BEEN ESTABLISHED WITH DATABASE
[INFO] - --------------------------------------------------------
[96mReady since[39m :  Mon, 04 Oct 2021 14:17:40 GMT
[96mBot[39m         :  Radius
[96mMembers[39m     :  675
[96mServers[39m     :  2
[93mHAVE A GREAT DAY!![39m
--------------------------------------------------------
[INFO] - LOADED 6 COMMANDS
[INFO] - LOADED 3 EVENTS
[INFO] - CONNECTION HAS BEEN ESTABLISHED WITH DATABASE
[INFO] - --------------------------------------------------------
[96mReady since[39m :  Mon, 04 Oct 2021 14:28:15 GMT
[96mBot[39m         :  Radius
[96mMembers[39m     :  675
[96mServers[39m     :  2
[93mHAVE A GREAT DAY!![39m
--------------------------------------------------------
[INFO] - LOADED 3 EVENTS
[INFO] - LOADED 6 COMMANDS
[INFO] - CONNECTION HAS BEEN ESTABLISHED WITH DATABASE
[INFO] - --------------------------------------------------------
[96mReady since[39m :  Mon, 04 Oct 2021 14:29:17 GMT
[96mBot[39m         :  Radius
[96mMembers[39m     :  675
[96mServers[39m     :  2
[93mHAVE A GREAT DAY!![39m
--------------------------------------------------------
[INFO] - LOADED 3 EVENTS
[INFO] - LOADED 6 COMMANDS
[INFO] - CONNECTION HAS BEEN ESTABLISHED WITH DATABASE
[INFO] - --------------------------------------------------------
[96mReady since[39m :  Mon, 04 Oct 2021 14:36:01 GMT
[96mBot[39m         :  Radius
[96mMembers[39m     :  675
[96mServers[39m     :  2
[93mHAVE A GREAT DAY!![39m
--------------------------------------------------------
[INFO] - LOADED 6 COMMANDS
[INFO] - LOADED 3 EVENTS
[INFO] - CONNECTION HAS BEEN ESTABLISHED WITH DATABASE
[INFO] - --------------------------------------------------------
[96mReady since[39m :  Mon, 04 Oct 2021 14:38:42 GMT
[96mBot[39m         :  Radius
[96mMembers[39m     :  676
[96mServers[39m     :  2
[93mHAVE A GREAT DAY!![39m
--------------------------------------------------------
[INFO] - LOADED 3 EVENTS
[INFO] - LOADED 6 COMMANDS
[INFO] - CONNECTION HAS BEEN ESTABLISHED WITH DATABASE
[INFO] - --------------------------------------------------------
[96mReady since[39m :  Mon, 04 Oct 2021 14:42:12 GMT
[96mBot[39m         :  Radius
[96mMembers[39m     :  676
[96mServers[39m     :  2
[93mHAVE A GREAT DAY!![39m
--------------------------------------------------------
[INFO] - LOADED 6 COMMANDS
[INFO] - LOADED 3 EVENTS
[INFO] - CONNECTION HAS BEEN ESTABLISHED WITH DATABASE
[INFO] - --------------------------------------------------------
[96mReady since[39m :  Mon, 04 Oct 2021 14:48:23 GMT
[96mBot[39m         :  Radius
[96mMembers[39m     :  676
[96mServers[39m     :  2
[93mHAVE A GREAT DAY!![39m
--------------------------------------------------------
[INFO] - LOADED 6 COMMANDS
[INFO] - LOADED 3 EVENTS
[INFO] - CONNECTION HAS BEEN ESTABLISHED WITH DATABASE
[INFO] - --------------------------------------------------------
[96mReady since[39m :  Mon, 04 Oct 2021 14:51:56 GMT
[96mBot[39m         :  Radius
[96mMembers[39m     :  676
[96mServers[39m     :  2
[93mHAVE A GREAT DAY!![39m
--------------------------------------------------------
[INFO] - LOADED 6 COMMANDS
[INFO] - LOADED 3 EVENTS
[INFO] - CONNECTION HAS BEEN ESTABLISHED WITH DATABASE
[INFO] - --------------------------------------------------------
[96mReady since[39m :  Mon, 04 Oct 2021 14:55:01 GMT
[96mBot[39m         :  Radius
[96mMembers[39m     :  676
[96mServers[39m     :  2
[93mHAVE A GREAT DAY!![39m
--------------------------------------------------------
[INFO] - LOADED 3 EVENTS
[INFO] - LOADED 6 COMMANDS
[INFO] - CONNECTION HAS BEEN ESTABLISHED WITH DATABASE
[INFO] - --------------------------------------------------------
[96mReady since[39m :  Mon, 04 Oct 2021 14:55:52 GMT
[96mBot[39m         :  Radius
[96mMembers[39m     :  676
[96mServers[39m     :  2
[93mHAVE A GREAT DAY!![39m
--------------------------------------------------------
[INFO] - LOADED 6 COMMANDS
[INFO] - LOADED 3 EVENTS
[INFO] - CONNECTION HAS BEEN ESTABLISHED WITH DATABASE
[INFO] - --------------------------------------------------------
[96mReady since[39m :  Mon, 04 Oct 2021 14:59:01 GMT
[96mBot[39m         :  Radius
[96mMembers[39m     :  676
[96mServers[39m     :  2
[93mHAVE A GREAT DAY!![39m
--------------------------------------------------------
[INFO] - LOADED 6 COMMANDS
[INFO] - LOADED 3 EVENTS
[INFO] - CONNECTION HAS BEEN ESTABLISHED WITH DATABASE
[INFO] - --------------------------------------------------------
[96mReady since[39m :  Mon, 04 Oct 2021 14:59:47 GMT
[96mBot[39m         :  Radius
[96mMembers[39m     :  676
[96mServers[39m     :  2
[93mHAVE A GREAT DAY!![39m
--------------------------------------------------------
[INFO] - LOADED 6 COMMANDS
[INFO] - LOADED 3 EVENTS
[INFO] - CONNECTION HAS BEEN ESTABLISHED WITH DATABASE
[INFO] - --------------------------------------------------------
[96mReady since[39m :  Mon, 04 Oct 2021 15:00:15 GMT
[96mBot[39m         :  Radius
[96mMembers[39m     :  676
[96mServers[39m     :  2
[93mHAVE A GREAT DAY!![39m
--------------------------------------------------------
[ERROR] - value too long for type character varying(5)
[INFO] - LOADED 3 EVENTS
[INFO] - LOADED 6 COMMANDS
[INFO] - CONNECTION HAS BEEN ESTABLISHED WITH DATABASE
[INFO] - --------------------------------------------------------
[96mReady since[39m :  Mon, 04 Oct 2021 16:16:10 GMT
[96mBot[39m         :  Radius
[96mMembers[39m     :  676
[96mServers[39m     :  2
[93mHAVE A GREAT DAY!![39m
--------------------------------------------------------
[INFO] - LOADED 3 EVENTS
[INFO] - LOADED 6 COMMANDS
[INFO] - CONNECTION HAS BEEN ESTABLISHED WITH DATABASE
[INFO] - --------------------------------------------------------
[96mReady since[39m :  Tue, 05 Oct 2021 02:33:42 GMT
[96mBot[39m         :  Radius
[96mMembers[39m     :  677
[96mServers[39m     :  2
[93mHAVE A GREAT DAY!![39m
--------------------------------------------------------
[INFO] - LOADED 3 EVENTS
[INFO] - LOADED 6 COMMANDS
[INFO] - CONNECTION HAS BEEN ESTABLISHED WITH DATABASE
[INFO] - --------------------------------------------------------
[96mReady since[39m :  Tue, 05 Oct 2021 02:35:03 GMT
[96mBot[39m         :  Radius
[96mMembers[39m     :  677
[96mServers[39m     :  2
[93mHAVE A GREAT DAY!![39m
--------------------------------------------------------
[INFO] - LOADED 3 EVENTS
[INFO] - LOADED 6 COMMANDS
[INFO] - CONNECTION HAS BEEN ESTABLISHED WITH DATABASE
[INFO] - --------------------------------------------------------
[96mReady since[39m :  Tue, 05 Oct 2021 02:35:11 GMT
[96mBot[39m         :  Radius
[96mMembers[39m     :  677
[96mServers[39m     :  2
[93mHAVE A GREAT DAY!![39m
--------------------------------------------------------
[INFO] - LOADED 6 COMMANDS
[INFO] - LOADED 3 EVENTS
[INFO] - CONNECTION HAS BEEN ESTABLISHED WITH DATABASE
[INFO] - --------------------------------------------------------
[96mReady since[39m :  Tue, 05 Oct 2021 02:36:25 GMT
[96mBot[39m         :  Radius
[96mMembers[39m     :  677
[96mServers[39m     :  2
[93mHAVE A GREAT DAY!![39m
--------------------------------------------------------
[INFO] - LOADED 6 COMMANDS
[INFO] - LOADED 3 EVENTS
[INFO] - CONNECTION HAS BEEN ESTABLISHED WITH DATABASE
[INFO] - LOADED 6 COMMANDS
[INFO] - LOADED 3 EVENTS
[INFO] - CONNECTION HAS BEEN ESTABLISHED WITH DATABASE
[INFO] - --------------------------------------------------------
[96mReady since[39m :  Tue, 05 Oct 2021 02:36:53 GMT
[96mBot[39m         :  Radius
[96mMembers[39m     :  677
[96mServers[39m     :  2
[93mHAVE A GREAT DAY!![39m
--------------------------------------------------------
[INFO] - LOADED 3 EVENTS
[INFO] - LOADED 6 COMMANDS
[INFO] - CONNECTION HAS BEEN ESTABLISHED WITH DATABASE
[INFO] - --------------------------------------------------------
[96mReady since[39m :  Wed, 06 Oct 2021 07:03:57 GMT
[96mBot[39m         :  Radius
[96mMembers[39m     :  677
[96mServers[39m     :  2
[93mHAVE A GREAT DAY!![39m
--------------------------------------------------------
[INFO] - LOADED 6 COMMANDS
[INFO] - LOADED 3 EVENTS
[INFO] - CONNECTION HAS BEEN ESTABLISHED WITH DATABASE
[INFO] - --------------------------------------------------------
[96mReady since[39m :  Wed, 06 Oct 2021 07:06:47 GMT
[96mBot[39m         :  Radius
[96mMembers[39m     :  677
[96mServers[39m     :  2
[93mHAVE A GREAT DAY!![39m
--------------------------------------------------------
[INFO] - LOADED 3 EVENTS
[INFO] - LOADED 6 COMMANDS
[INFO] - CONNECTION HAS BEEN ESTABLISHED WITH DATABASE
[INFO] - --------------------------------------------------------
[96mReady since[39m :  Wed, 06 Oct 2021 07:07:58 GMT
[96mBot[39m         :  Radius
[96mMembers[39m     :  677
[96mServers[39m     :  2
[93mHAVE A GREAT DAY!![39m
--------------------------------------------------------
[INFO] - LOADED 3 EVENTS
[INFO] - LOADED 6 COMMANDS
[INFO] - CONNECTION HAS BEEN ESTABLISHED WITH DATABASE
[INFO] - --------------------------------------------------------
[96mReady since[39m :  Wed, 06 Oct 2021 07:09:52 GMT
[96mBot[39m         :  Radius
[96mMembers[39m     :  677
[96mServers[39m     :  2
[93mHAVE A GREAT DAY!![39m
--------------------------------------------------------
[INFO] - LOADED 6 COMMANDS
[INFO] - LOADED 3 EVENTS
[INFO] - CONNECTION HAS BEEN ESTABLISHED WITH DATABASE
[INFO] - --------------------------------------------------------
[96mReady since[39m :  Wed, 06 Oct 2021 07:17:16 GMT
[96mBot[39m         :  Radius
[96mMembers[39m     :  677
[96mServers[39m     :  2
[93mHAVE A GREAT DAY!![39m
--------------------------------------------------------
[INFO] - LOADED 3 EVENTS
[INFO] - LOADED 6 COMMANDS
[INFO] - CONNECTION HAS BEEN ESTABLISHED WITH DATABASE
[INFO] - --------------------------------------------------------
[96mReady since[39m :  Wed, 06 Oct 2021 07:23:16 GMT
[96mBot[39m         :  Radius
[96mMembers[39m     :  677
[96mServers[39m     :  2
[93mHAVE A GREAT DAY!![39m
--------------------------------------------------------
[INFO] - LOADED 6 COMMANDS
[INFO] - LOADED 3 EVENTS
[INFO] - CONNECTION HAS BEEN ESTABLISHED WITH DATABASE
[INFO] - --------------------------------------------------------
[96mReady since[39m :  Wed, 06 Oct 2021 07:23:55 GMT
[96mBot[39m         :  Radius
[96mMembers[39m     :  677
[96mServers[39m     :  2
[93mHAVE A GREAT DAY!![39m
--------------------------------------------------------
[INFO] - LOADED 3 EVENTS
[INFO] - LOADED 6 COMMANDS
[INFO] - CONNECTION HAS BEEN ESTABLISHED WITH DATABASE
[INFO] - --------------------------------------------------------
[96mReady since[39m :  Wed, 06 Oct 2021 07:29:30 GMT
[96mBot[39m         :  Radius
[96mMembers[39m     :  677
[96mServers[39m     :  2
[93mHAVE A GREAT DAY!![39m
--------------------------------------------------------
[INFO] - LOADED 6 COMMANDS
[INFO] - LOADED 3 EVENTS
[INFO] - CONNECTION HAS BEEN ESTABLISHED WITH DATABASE
[INFO] - --------------------------------------------------------
[96mReady since[39m :  Wed, 06 Oct 2021 07:30:24 GMT
[96mBot[39m         :  Radius
[96mMembers[39m     :  677
[96mServers[39m     :  2
[93mHAVE A GREAT DAY!![39m
--------------------------------------------------------
[INFO] - LOADED 3 EVENTS
[INFO] - LOADED 6 COMMANDS
[INFO] - CONNECTION HAS BEEN ESTABLISHED WITH DATABASE
[INFO] - --------------------------------------------------------
[96mReady since[39m :  Wed, 06 Oct 2021 07:35:28 GMT
[96mBot[39m         :  Radius
[96mMembers[39m     :  677
[96mServers[39m     :  2
[93mHAVE A GREAT DAY!![39m
--------------------------------------------------------
[INFO] - LOADED 6 COMMANDS
[INFO] - LOADED 3 EVENTS
[INFO] - CONNECTION HAS BEEN ESTABLISHED WITH DATABASE
[INFO] - --------------------------------------------------------
[96mReady since[39m :  Wed, 06 Oct 2021 07:39:12 GMT
[96mBot[39m         :  Radius
[96mMembers[39m     :  677
[96mServers[39m     :  2
[93mHAVE A GREAT DAY!![39m
--------------------------------------------------------
[ERROR] - Message content must be a non-empty string.
[ERROR] - Message content must be a non-empty string.
[INFO] - LOADED 3 EVENTS
[INFO] - LOADED 6 COMMANDS
[INFO] - CONNECTION HAS BEEN ESTABLISHED WITH DATABASE
[INFO] - --------------------------------------------------------
[96mReady since[39m :  Wed, 06 Oct 2021 07:39:50 GMT
[96mBot[39m         :  Radius
[96mMembers[39m     :  677
[96mServers[39m     :  2
[93mHAVE A GREAT DAY!![39m
--------------------------------------------------------
[INFO] - LOADED 6 COMMANDS
[INFO] - LOADED 3 EVENTS
[INFO] - CONNECTION HAS BEEN ESTABLISHED WITH DATABASE
[INFO] - --------------------------------------------------------
[96mReady since[39m :  Wed, 06 Oct 2021 07:40:18 GMT
[96mBot[39m         :  Radius
[96mMembers[39m     :  677
[96mServers[39m     :  2
[93mHAVE A GREAT DAY!![39m
--------------------------------------------------------
[INFO] - LOADED 3 EVENTS
[INFO] - LOADED 6 COMMANDS
[INFO] - CONNECTION HAS BEEN ESTABLISHED WITH DATABASE
[INFO] - --------------------------------------------------------
[96mReady since[39m :  Wed, 06 Oct 2021 07:41:13 GMT
[96mBot[39m         :  Radius
[96mMembers[39m     :  677
[96mServers[39m     :  2
[93mHAVE A GREAT DAY!![39m
--------------------------------------------------------
[INFO] - LOADED 6 COMMANDS
[INFO] - LOADED 3 EVENTS
[INFO] - CONNECTION HAS BEEN ESTABLISHED WITH DATABASE
[INFO] - --------------------------------------------------------
[96mReady since[39m :  Wed, 06 Oct 2021 07:42:19 GMT
[96mBot[39m         :  Radius
[96mMembers[39m     :  677
[96mServers[39m     :  2
[93mHAVE A GREAT DAY!![39m
--------------------------------------------------------
[INFO] - LOADED 3 EVENTS
[INFO] - LOADED 6 COMMANDS
[INFO] - CONNECTION HAS BEEN ESTABLISHED WITH DATABASE
[INFO] - --------------------------------------------------------
[96mReady since[39m :  Wed, 06 Oct 2021 07:43:48 GMT
[96mBot[39m         :  Radius
[96mMembers[39m     :  677
[96mServers[39m     :  2
[93mHAVE A GREAT DAY!![39m
--------------------------------------------------------
[INFO] - LOADED 3 EVENTS
[INFO] - LOADED 6 COMMANDS
[INFO] - CONNECTION HAS BEEN ESTABLISHED WITH DATABASE
[INFO] - --------------------------------------------------------
[96mReady since[39m :  Wed, 06 Oct 2021 07:44:32 GMT
[96mBot[39m         :  Radius
[96mMembers[39m     :  677
[96mServers[39m     :  2
[93mHAVE A GREAT DAY!![39m
--------------------------------------------------------
[ERROR] - Invalid Form Body
embeds[0].author.url: Scheme "www.youtube.com/notshade" is not supported. Scheme must be one of ('http', 'https').
[INFO] - LOADED 6 COMMANDS
[INFO] - LOADED 3 EVENTS
[INFO] - CONNECTION HAS BEEN ESTABLISHED WITH DATABASE
[INFO] - --------------------------------------------------------
[96mReady since[39m :  Wed, 06 Oct 2021 07:46:26 GMT
[96mBot[39m         :  Radius
[96mMembers[39m     :  677
[96mServers[39m     :  2
[93mHAVE A GREAT DAY!![39m
--------------------------------------------------------
[ERROR] - Invalid Form Body
embeds[0].author.url: Scheme "www.youtube.com/notshade" is not supported. Scheme must be one of ('http', 'https').
[INFO] - LOADED 3 EVENTS
[INFO] - LOADED 6 COMMANDS
[INFO] - CONNECTION HAS BEEN ESTABLISHED WITH DATABASE
[ERROR] - The user aborted a request.
[INFO] - LOADED 6 COMMANDS
[INFO] - LOADED 3 EVENTS
[INFO] - CONNECTION HAS BEEN ESTABLISHED WITH DATABASE
[INFO] - --------------------------------------------------------
[96mReady since[39m :  Wed, 06 Oct 2021 07:50:12 GMT
[96mBot[39m         :  Radius
[96mMembers[39m     :  677
[96mServers[39m     :  2
[93mHAVE A GREAT DAY!![39m
--------------------------------------------------------
[INFO] - LOADED 6 COMMANDS
[INFO] - LOADED 3 EVENTS
[INFO] - CONNECTION HAS BEEN ESTABLISHED WITH DATABASE
[INFO] - --------------------------------------------------------
[96mReady since[39m :  Wed, 06 Oct 2021 07:52:15 GMT
[96mBot[39m         :  Radius
[96mMembers[39m     :  677
[96mServers[39m     :  2
[93mHAVE A GREAT DAY!![39m
--------------------------------------------------------
[INFO] - LOADED 3 EVENTS
[INFO] - LOADED 6 COMMANDS
[INFO] - CONNECTION HAS BEEN ESTABLISHED WITH DATABASE
[INFO] - --------------------------------------------------------
[96mReady since[39m :  Wed, 06 Oct 2021 07:53:30 GMT
[96mBot[39m         :  Radius
[96mMembers[39m     :  677
[96mServers[39m     :  2
[93mHAVE A GREAT DAY!![39m
--------------------------------------------------------
[INFO] - LOADED 3 EVENTS
[INFO] - LOADED 6 COMMANDS
[INFO] - CONNECTION HAS BEEN ESTABLISHED WITH DATABASE
[INFO] - --------------------------------------------------------
[96mReady since[39m :  Wed, 06 Oct 2021 07:55:14 GMT
[96mBot[39m         :  Radius
[96mMembers[39m     :  677
[96mServers[39m     :  2
[93mHAVE A GREAT DAY!![39m
--------------------------------------------------------
[INFO] - LOADED 3 EVENTS
[INFO] - LOADED 6 COMMANDS
[INFO] - CONNECTION HAS BEEN ESTABLISHED WITH DATABASE
[INFO] - --------------------------------------------------------
[96mReady since[39m :  Wed, 06 Oct 2021 07:56:09 GMT
[96mBot[39m         :  Radius
[96mMembers[39m     :  677
[96mServers[39m     :  2
[93mHAVE A GREAT DAY!![39m
--------------------------------------------------------
[INFO] - LOADED 6 COMMANDS
[INFO] - LOADED 3 EVENTS
[INFO] - CONNECTION HAS BEEN ESTABLISHED WITH DATABASE
[INFO] - --------------------------------------------------------
[96mReady since[39m :  Wed, 06 Oct 2021 07:59:13 GMT
[96mBot[39m         :  Radius
[96mMembers[39m     :  677
[96mServers[39m     :  2
[93mHAVE A GREAT DAY!![39m
--------------------------------------------------------
[INFO] - LOADED 3 EVENTS
[INFO] - LOADED 6 COMMANDS
[INFO] - CONNECTION HAS BEEN ESTABLISHED WITH DATABASE
[INFO] - --------------------------------------------------------
[96mReady since[39m :  Wed, 06 Oct 2021 08:00:45 GMT
[96mBot[39m         :  Radius
[96mMembers[39m     :  677
[96mServers[39m     :  2
[93mHAVE A GREAT DAY!![39m
--------------------------------------------------------
[INFO] - LOADED 6 COMMANDS
[INFO] - LOADED 3 EVENTS
[INFO] - CONNECTION HAS BEEN ESTABLISHED WITH DATABASE
[INFO] - --------------------------------------------------------
[96mReady since[39m :  Wed, 06 Oct 2021 08:00:57 GMT
[96mBot[39m         :  Radius
[96mMembers[39m     :  677
[96mServers[39m     :  2
[93mHAVE A GREAT DAY!![39m
--------------------------------------------------------
[INFO] - LOADED 6 COMMANDS
[INFO] - LOADED 3 EVENTS
[INFO] - CONNECTION HAS BEEN ESTABLISHED WITH DATABASE
[INFO] - --------------------------------------------------------
[96mReady since[39m :  Wed, 06 Oct 2021 08:03:01 GMT
[96mBot[39m         :  Radius
[96mMembers[39m     :  677
[96mServers[39m     :  2
[93mHAVE A GREAT DAY!![39m
--------------------------------------------------------
[INFO] - LOADED 3 EVENTS
[INFO] - LOADED 6 COMMANDS
[INFO] - CONNECTION HAS BEEN ESTABLISHED WITH DATABASE
[INFO] - --------------------------------------------------------
[96mReady since[39m :  Wed, 06 Oct 2021 08:04:20 GMT
[96mBot[39m         :  Radius
[96mMembers[39m     :  677
[96mServers[39m     :  2
[93mHAVE A GREAT DAY!![39m
--------------------------------------------------------
[INFO] - LOADED 3 EVENTS
[INFO] - LOADED 6 COMMANDS
[INFO] - CONNECTION HAS BEEN ESTABLISHED WITH DATABASE
[INFO] - --------------------------------------------------------
[96mReady since[39m :  Wed, 06 Oct 2021 08:11:21 GMT
[96mBot[39m         :  Radius
[96mMembers[39m     :  677
[96mServers[39m     :  2
[93mHAVE A GREAT DAY!![39m
--------------------------------------------------------
[INFO] - LOADED 3 EVENTS
[INFO] - LOADED 6 COMMANDS
[INFO] - CONNECTION HAS BEEN ESTABLISHED WITH DATABASE
[INFO] - --------------------------------------------------------
[96mReady since[39m :  Wed, 06 Oct 2021 08:12:35 GMT
[96mBot[39m         :  Radius
[96mMembers[39m     :  677
[96mServers[39m     :  2
[93mHAVE A GREAT DAY!![39m
--------------------------------------------------------
[INFO] - LOADED 6 COMMANDS
[INFO] - LOADED 3 EVENTS
[INFO] - CONNECTION HAS BEEN ESTABLISHED WITH DATABASE
[INFO] - --------------------------------------------------------
[96mReady since[39m :  Wed, 06 Oct 2021 08:19:15 GMT
[96mBot[39m         :  Radius
[96mMembers[39m     :  677
[96mServers[39m     :  2
[93mHAVE A GREAT DAY!![39m
--------------------------------------------------------
[INFO] - LOADED 3 EVENTS
[INFO] - LOADED 6 COMMANDS
[INFO] - CONNECTION HAS BEEN ESTABLISHED WITH DATABASE
[INFO] - --------------------------------------------------------
[96mReady since[39m :  Wed, 06 Oct 2021 08:19:31 GMT
[96mBot[39m         :  Radius
[96mMembers[39m     :  677
[96mServers[39m     :  2
[93mHAVE A GREAT DAY!![39m
--------------------------------------------------------
[INFO] - LOADED 6 COMMANDS
[INFO] - LOADED 3 EVENTS
[INFO] - CONNECTION HAS BEEN ESTABLISHED WITH DATABASE
[INFO] - --------------------------------------------------------
[96mReady since[39m :  Wed, 06 Oct 2021 08:21:48 GMT
[96mBot[39m         :  Radius
[96mMembers[39m     :  677
[96mServers[39m     :  2
[93mHAVE A GREAT DAY!![39m
--------------------------------------------------------
[INFO] - LOADED 3 EVENTS
[INFO] - LOADED 6 COMMANDS
[INFO] - CONNECTION HAS BEEN ESTABLISHED WITH DATABASE
[INFO] - --------------------------------------------------------
[96mReady since[39m :  Wed, 06 Oct 2021 08:22:21 GMT
[96mBot[39m         :  Radius
[96mMembers[39m     :  677
[96mServers[39m     :  2
[93mHAVE A GREAT DAY!![39m
--------------------------------------------------------
[INFO] - LOADED 3 EVENTS
[INFO] - LOADED 6 COMMANDS
[INFO] - CONNECTION HAS BEEN ESTABLISHED WITH DATABASE
[INFO] - --------------------------------------------------------
[96mReady since[39m :  Wed, 06 Oct 2021 08:23:16 GMT
[96mBot[39m         :  Radius
[96mMembers[39m     :  677
[96mServers[39m     :  2
[93mHAVE A GREAT DAY!![39m
--------------------------------------------------------
[INFO] - LOADED 6 COMMANDS
[INFO] - LOADED 3 EVENTS
[INFO] - CONNECTION HAS BEEN ESTABLISHED WITH DATABASE
[INFO] - --------------------------------------------------------
[96mReady since[39m :  Wed, 06 Oct 2021 08:24:31 GMT
[96mBot[39m         :  Radius
[96mMembers[39m     :  677
[96mServers[39m     :  2
[93mHAVE A GREAT DAY!![39m
--------------------------------------------------------
[INFO] - LOADED 3 EVENTS
[INFO] - LOADED 6 COMMANDS
[INFO] - CONNECTION HAS BEEN ESTABLISHED WITH DATABASE
[INFO] - --------------------------------------------------------
[96mReady since[39m :  Wed, 06 Oct 2021 08:58:55 GMT
[96mBot[39m         :  Radius
[96mMembers[39m     :  677
[96mServers[39m     :  2
[93mHAVE A GREAT DAY!![39m
--------------------------------------------------------
[INFO] - LOADED 3 EVENTS
[INFO] - LOADED 6 COMMANDS
[INFO] - CONNECTION HAS BEEN ESTABLISHED WITH DATABASE
[INFO] - --------------------------------------------------------
[96mReady since[39m :  Wed, 06 Oct 2021 11:50:33 GMT
[96mBot[39m         :  Radius
[96mMembers[39m     :  677
[96mServers[39m     :  2
[93mHAVE A GREAT DAY!![39m
--------------------------------------------------------
[INFO] - LOADED 6 COMMANDS
[INFO] - LOADED 3 EVENTS
[INFO] - CONNECTION HAS BEEN ESTABLISHED WITH DATABASE
[INFO] - --------------------------------------------------------
[96mReady since[39m :  Wed, 06 Oct 2021 11:52:31 GMT
[96mBot[39m         :  Radius
[96mMembers[39m     :  677
[96mServers[39m     :  2
[93mHAVE A GREAT DAY!![39m
--------------------------------------------------------
[INFO] - LOADED 3 EVENTS
[INFO] - LOADED 6 COMMANDS
[INFO] - CONNECTION HAS BEEN ESTABLISHED WITH DATABASE
[INFO] - --------------------------------------------------------
[96mReady since[39m :  Wed, 06 Oct 2021 11:53:17 GMT
[96mBot[39m         :  Radius
[96mMembers[39m     :  677
[96mServers[39m     :  2
[93mHAVE A GREAT DAY!![39m
--------------------------------------------------------
[INFO] - LOADED 6 COMMANDS
[INFO] - LOADED 3 EVENTS
[INFO] - CONNECTION HAS BEEN ESTABLISHED WITH DATABASE
[INFO] - --------------------------------------------------------
[96mReady since[39m :  Wed, 06 Oct 2021 11:54:51 GMT
[96mBot[39m         :  Radius
[96mMembers[39m     :  677
[96mServers[39m     :  2
[93mHAVE A GREAT DAY!![39m
--------------------------------------------------------
[INFO] - LOADED 3 EVENTS
[INFO] - LOADED 6 COMMANDS
[INFO] - CONNECTION HAS BEEN ESTABLISHED WITH DATABASE
[INFO] - --------------------------------------------------------
[96mReady since[39m :  Wed, 06 Oct 2021 11:55:24 GMT
[96mBot[39m         :  Radius
[96mMembers[39m     :  677
[96mServers[39m     :  2
[93mHAVE A GREAT DAY!![39m
--------------------------------------------------------
[INFO] - LOADED 6 COMMANDS
[INFO] - LOADED 3 EVENTS
[INFO] - CONNECTION HAS BEEN ESTABLISHED WITH DATABASE
[INFO] - LOADED 6 COMMANDS
[INFO] - LOADED 3 EVENTS
[INFO] - CONNECTION HAS BEEN ESTABLISHED WITH DATABASE
[INFO] - --------------------------------------------------------
[96mReady since[39m :  Wed, 06 Oct 2021 11:57:06 GMT
[96mBot[39m         :  Radius
[96mMembers[39m     :  677
[96mServers[39m     :  2
[93mHAVE A GREAT DAY!![39m
--------------------------------------------------------
[INFO] - LOADED 3 EVENTS
[INFO] - LOADED 6 COMMANDS
[INFO] - CONNECTION HAS BEEN ESTABLISHED WITH DATABASE
[INFO] - --------------------------------------------------------
[96mReady since[39m :  Wed, 06 Oct 2021 11:57:55 GMT
[96mBot[39m         :  Radius
[96mMembers[39m     :  677
[96mServers[39m     :  2
[93mHAVE A GREAT DAY!![39m
--------------------------------------------------------
[INFO] - LOADED 3 EVENTS
[INFO] - LOADED 6 COMMANDS
[INFO] - CONNECTION HAS BEEN ESTABLISHED WITH DATABASE
[INFO] - --------------------------------------------------------
[96mReady since[39m :  Wed, 06 Oct 2021 11:58:28 GMT
[96mBot[39m         :  Radius
[96mMembers[39m     :  677
[96mServers[39m     :  2
[93mHAVE A GREAT DAY!![39m
--------------------------------------------------------
[INFO] - LOADED 6 COMMANDS
[INFO] - LOADED 3 EVENTS
[INFO] - CONNECTION HAS BEEN ESTABLISHED WITH DATABASE
[INFO] - --------------------------------------------------------
[96mReady since[39m :  Wed, 06 Oct 2021 11:59:17 GMT
[96mBot[39m         :  Radius
[96mMembers[39m     :  677
[96mServers[39m     :  2
[93mHAVE A GREAT DAY!![39m
--------------------------------------------------------
[INFO] - LOADED 6 COMMANDS
[INFO] - LOADED 3 EVENTS
[INFO] - CONNECTION HAS BEEN ESTABLISHED WITH DATABASE
[INFO] - --------------------------------------------------------
[96mReady since[39m :  Wed, 06 Oct 2021 11:59:52 GMT
[96mBot[39m         :  Radius
[96mMembers[39m     :  677
[96mServers[39m     :  2
[93mHAVE A GREAT DAY!![39m
--------------------------------------------------------
[INFO] - LOADED 6 COMMANDS
[INFO] - LOADED 3 EVENTS
[INFO] - CONNECTION HAS BEEN ESTABLISHED WITH DATABASE
[INFO] - --------------------------------------------------------
[96mReady since[39m :  Wed, 06 Oct 2021 12:00:35 GMT
[96mBot[39m         :  Radius
[96mMembers[39m     :  677
[96mServers[39m     :  2
[93mHAVE A GREAT DAY!![39m
--------------------------------------------------------
[INFO] - LOADED 3 EVENTS
[INFO] - LOADED 6 COMMANDS
[INFO] - CONNECTION HAS BEEN ESTABLISHED WITH DATABASE
[INFO] - --------------------------------------------------------
[96mReady since[39m :  Wed, 06 Oct 2021 12:02:59 GMT
[96mBot[39m         :  Radius
[96mMembers[39m     :  677
[96mServers[39m     :  2
[93mHAVE A GREAT DAY!![39m
--------------------------------------------------------
[INFO] - LOADED 3 EVENTS
[INFO] - LOADED 6 COMMANDS
[INFO] - CONNECTION HAS BEEN ESTABLISHED WITH DATABASE
[ERROR] - request to https://discord.com/api/v9/gateway/bot failed, reason: getaddrinfo ENOTFOUND discord.com
[INFO] - LOADED 3 EVENTS
[INFO] - LOADED 6 COMMANDS
[INFO] - CONNECTION HAS BEEN ESTABLISHED WITH DATABASE
[INFO] - --------------------------------------------------------
[96mReady since[39m :  Wed, 06 Oct 2021 12:22:42 GMT
[96mBot[39m         :  Radius
[96mMembers[39m     :  677
[96mServers[39m     :  2
[93mHAVE A GREAT DAY!![39m
--------------------------------------------------------
[ERROR] - Cannot read properties of undefined (reading 'structure')
[INFO] - LOADED 6 COMMANDS
[INFO] - LOADED 3 EVENTS
[INFO] - CONNECTION HAS BEEN ESTABLISHED WITH DATABASE
[INFO] - --------------------------------------------------------
[96mReady since[39m :  Wed, 06 Oct 2021 12:24:03 GMT
[96mBot[39m         :  Radius
[96mMembers[39m     :  677
[96mServers[39m     :  2
[93mHAVE A GREAT DAY!![39m
--------------------------------------------------------
[INFO] - LOADED 6 COMMANDS
[INFO] - LOADED 3 EVENTS
[INFO] - CONNECTION HAS BEEN ESTABLISHED WITH DATABASE
[INFO] - --------------------------------------------------------
[96mReady since[39m :  Wed, 06 Oct 2021 12:27:14 GMT
[96mBot[39m         :  Radius
[96mMembers[39m     :  677
[96mServers[39m     :  2
[93mHAVE A GREAT DAY!![39m
--------------------------------------------------------
[INFO] - LOADED 3 EVENTS
[INFO] - LOADED 6 COMMANDS
[INFO] - CONNECTION HAS BEEN ESTABLISHED WITH DATABASE
[INFO] - --------------------------------------------------------
[96mReady since[39m :  Wed, 06 Oct 2021 12:28:01 GMT
[96mBot[39m         :  Radius
[96mMembers[39m     :  677
[96mServers[39m     :  2
[93mHAVE A GREAT DAY!![39m
--------------------------------------------------------
[INFO] - LOADED 3 EVENTS
[INFO] - LOADED 6 COMMANDS
[INFO] - CONNECTION HAS BEEN ESTABLISHED WITH DATABASE
[INFO] - --------------------------------------------------------
[96mReady since[39m :  Wed, 06 Oct 2021 12:29:02 GMT
[96mBot[39m         :  Radius
[96mMembers[39m     :  677
[96mServers[39m     :  2
[93mHAVE A GREAT DAY!![39m
--------------------------------------------------------
[INFO] - LOADED 6 COMMANDS
[INFO] - LOADED 3 EVENTS
[INFO] - CONNECTION HAS BEEN ESTABLISHED WITH DATABASE
[INFO] - --------------------------------------------------------
[96mReady since[39m :  Wed, 06 Oct 2021 12:33:37 GMT
[96mBot[39m         :  Radius
[96mMembers[39m     :  677
[96mServers[39m     :  2
[93mHAVE A GREAT DAY!![39m
--------------------------------------------------------
[INFO] - LOADED 3 EVENTS
[INFO] - LOADED 6 COMMANDS
[INFO] - CONNECTION HAS BEEN ESTABLISHED WITH DATABASE
[INFO] - --------------------------------------------------------
[96mReady since[39m :  Wed, 06 Oct 2021 12:35:17 GMT
[96mBot[39m         :  Radius
[96mMembers[39m     :  677
[96mServers[39m     :  2
[93mHAVE A GREAT DAY!![39m
--------------------------------------------------------
[INFO] - LOADED 6 COMMANDS
[INFO] - LOADED 3 EVENTS
[INFO] - CONNECTION HAS BEEN ESTABLISHED WITH DATABASE
[INFO] - --------------------------------------------------------
[96mReady since[39m :  Wed, 06 Oct 2021 12:36:25 GMT
[96mBot[39m         :  Radius
[96mMembers[39m     :  677
[96mServers[39m     :  2
[93mHAVE A GREAT DAY!![39m
--------------------------------------------------------
[INFO] - LOADED 3 EVENTS
[INFO] - LOADED 6 COMMANDS
[INFO] - CONNECTION HAS BEEN ESTABLISHED WITH DATABASE
[INFO] - --------------------------------------------------------
[96mReady since[39m :  Wed, 06 Oct 2021 12:37:07 GMT
[96mBot[39m         :  Radius
[96mMembers[39m     :  677
[96mServers[39m     :  2
[93mHAVE A GREAT DAY!![39m
--------------------------------------------------------
[INFO] - LOADED 3 EVENTS
[INFO] - LOADED 6 COMMANDS
[INFO] - CONNECTION HAS BEEN ESTABLISHED WITH DATABASE
[ERROR] - request to https://discord.com/api/v9/gateway/bot failed, reason: getaddrinfo ENOTFOUND discord.com
[INFO] - LOADED 3 EVENTS
[INFO] - LOADED 6 COMMANDS
[INFO] - CONNECTION HAS BEEN ESTABLISHED WITH DATABASE
[ERROR] - request to https://discord.com/api/v9/gateway/bot failed, reason: getaddrinfo ENOTFOUND discord.com
[INFO] - LOADED 3 EVENTS
[INFO] - LOADED 6 COMMANDS
[INFO] - CONNECTION HAS BEEN ESTABLISHED WITH DATABASE
[INFO] - --------------------------------------------------------
[96mReady since[39m :  Wed, 06 Oct 2021 12:41:15 GMT
[96mBot[39m         :  Radius
[96mMembers[39m     :  677
[96mServers[39m     :  2
[93mHAVE A GREAT DAY!![39m
--------------------------------------------------------
[INFO] - LOADED 3 EVENTS
[INFO] - LOADED 6 COMMANDS
[INFO] - CONNECTION HAS BEEN ESTABLISHED WITH DATABASE
[INFO] - --------------------------------------------------------
[96mReady since[39m :  Wed, 06 Oct 2021 12:41:48 GMT
[96mBot[39m         :  Radius
[96mMembers[39m     :  677
[96mServers[39m     :  2
[93mHAVE A GREAT DAY!![39m
--------------------------------------------------------
[INFO] - LOADED 3 EVENTS
[INFO] - LOADED 6 COMMANDS
[INFO] - CONNECTION HAS BEEN ESTABLISHED WITH DATABASE
[INFO] - --------------------------------------------------------
[96mReady since[39m :  Wed, 06 Oct 2021 12:45:49 GMT
[96mBot[39m         :  Radius
[96mMembers[39m     :  677
[96mServers[39m     :  2
[93mHAVE A GREAT DAY!![39m
--------------------------------------------------------
[INFO] - LOADED 6 COMMANDS
[INFO] - LOADED 3 EVENTS
[INFO] - CONNECTION HAS BEEN ESTABLISHED WITH DATABASE
[INFO] - --------------------------------------------------------
[96mReady since[39m :  Wed, 06 Oct 2021 12:46:52 GMT
[96mBot[39m         :  Radius
[96mMembers[39m     :  677
[96mServers[39m     :  2
[93mHAVE A GREAT DAY!![39m
--------------------------------------------------------
[ERROR] - Cannot read properties of undefined (reading 'length')
[INFO] - LOADED 6 COMMANDS
[INFO] - LOADED 3 EVENTS
[INFO] - CONNECTION HAS BEEN ESTABLISHED WITH DATABASE
[INFO] - --------------------------------------------------------
[96mReady since[39m :  Wed, 06 Oct 2021 12:50:04 GMT
[96mBot[39m         :  Radius
[96mMembers[39m     :  677
[96mServers[39m     :  2
[93mHAVE A GREAT DAY!![39m
--------------------------------------------------------
[INFO] - LOADED 3 EVENTS
[INFO] - LOADED 6 COMMANDS
[INFO] - CONNECTION HAS BEEN ESTABLISHED WITH DATABASE
[INFO] - --------------------------------------------------------
[96mReady since[39m :  Wed, 06 Oct 2021 13:01:12 GMT
[96mBot[39m         :  Radius
[96mMembers[39m     :  676
[96mServers[39m     :  2
[93mHAVE A GREAT DAY!![39m
--------------------------------------------------------
[INFO] - LOADED 3 EVENTS
[INFO] - LOADED 6 COMMANDS
[INFO] - CONNECTION HAS BEEN ESTABLISHED WITH DATABASE
[INFO] - --------------------------------------------------------
[96mReady since[39m :  Wed, 06 Oct 2021 13:15:07 GMT
[96mBot[39m         :  Radius
[96mMembers[39m     :  676
[96mServers[39m     :  2
[93mHAVE A GREAT DAY!![39m
--------------------------------------------------------
[ERROR] - Unknown permissionMANAGE_SERVER
[INFO] - LOADED 3 EVENTS
[INFO] - LOADED 6 COMMANDS
[INFO] - CONNECTION HAS BEEN ESTABLISHED WITH DATABASE
[INFO] - --------------------------------------------------------
[96mReady since[39m :  Wed, 06 Oct 2021 13:28:57 GMT
[96mBot[39m         :  Radius
[96mMembers[39m     :  676
[96mServers[39m     :  2
[93mHAVE A GREAT DAY!![39m
--------------------------------------------------------
[ERROR] - Cannot read properties of undefined (reading 'length')
[ERROR] - Cannot read properties of undefined (reading 'length')
[ERROR] - Cannot read properties of undefined (reading 'length')
[INFO] - LOADED 6 COMMANDS
[INFO] - LOADED 3 EVENTS
[INFO] - CONNECTION HAS BEEN ESTABLISHED WITH DATABASE
[INFO] - --------------------------------------------------------
[96mReady since[39m :  Wed, 06 Oct 2021 13:35:37 GMT
[96mBot[39m         :  Radius
[96mMembers[39m     :  676
[96mServers[39m     :  2
[93mHAVE A GREAT DAY!![39m
--------------------------------------------------------
[ERROR] - Cannot read properties of undefined (reading 'length')
[INFO] - LOADED 3 EVENTS
[INFO] - LOADED 6 COMMANDS
[INFO] - CONNECTION HAS BEEN ESTABLISHED WITH DATABASE
[INFO] - --------------------------------------------------------
[96mReady since[39m :  Wed, 06 Oct 2021 13:36:58 GMT
[96mBot[39m         :  Radius
[96mMembers[39m     :  676
[96mServers[39m     :  2
[93mHAVE A GREAT DAY!![39m
--------------------------------------------------------
[INFO] - LOADED 6 COMMANDS
[INFO] - LOADED 3 EVENTS
[INFO] - CONNECTION HAS BEEN ESTABLISHED WITH DATABASE
[INFO] - --------------------------------------------------------
[96mReady since[39m :  Wed, 06 Oct 2021 13:38:04 GMT
[96mBot[39m         :  Radius
[96mMembers[39m     :  676
[96mServers[39m     :  2
[93mHAVE A GREAT DAY!![39m
--------------------------------------------------------
[ERROR] - value too long for type character varying(5)
[INFO] - LOADED 6 COMMANDS
[INFO] - LOADED 3 EVENTS
[INFO] - CONNECTION HAS BEEN ESTABLISHED WITH DATABASE
[INFO] - --------------------------------------------------------
[96mReady since[39m :  Wed, 06 Oct 2021 13:38:27 GMT
[96mBot[39m         :  Radius
[96mMembers[39m     :  676
[96mServers[39m     :  2
[93mHAVE A GREAT DAY!![39m
--------------------------------------------------------
[INFO] - LOADED 3 EVENTS
[INFO] - LOADED 6 COMMANDS
[INFO] - CONNECTION HAS BEEN ESTABLISHED WITH DATABASE
[INFO] - --------------------------------------------------------
[96mReady since[39m :  Wed, 06 Oct 2021 15:02:38 GMT
[96mBot[39m         :  Radius
[96mMembers[39m     :  676
[96mServers[39m     :  2
[93mHAVE A GREAT DAY!![39m
--------------------------------------------------------
[INFO] - LOADED 6 COMMANDS
[INFO] - LOADED 3 EVENTS
[INFO] - CONNECTION HAS BEEN ESTABLISHED WITH DATABASE
[INFO] - --------------------------------------------------------
[96mReady since[39m :  Wed, 06 Oct 2021 16:16:03 GMT
[96mBot[39m         :  Radius
[96mMembers[39m     :  676
[96mServers[39m     :  2
[93mHAVE A GREAT DAY!![39m
--------------------------------------------------------
[INFO] - LOADED 3 EVENTS
[INFO] - LOADED 7 COMMANDS
[INFO] - CONNECTION HAS BEEN ESTABLISHED WITH DATABASE
[INFO] - --------------------------------------------------------
[96mReady since[39m :  Wed, 06 Oct 2021 17:15:42 GMT
[96mBot[39m         :  Radius
[96mMembers[39m     :  676
[96mServers[39m     :  2
[93mHAVE A GREAT DAY!![39m
--------------------------------------------------------
[INFO] - LOADED 3 EVENTS
[INFO] - LOADED 7 COMMANDS
[INFO] - CONNECTION HAS BEEN ESTABLISHED WITH DATABASE
[INFO] - --------------------------------------------------------
[96mReady since[39m :  Wed, 06 Oct 2021 17:16:34 GMT
[96mBot[39m         :  Radius
[96mMembers[39m     :  676
[96mServers[39m     :  2
[93mHAVE A GREAT DAY!![39m
--------------------------------------------------------
[ERROR] - The user aborted a request.
[INFO] - LOADED 3 EVENTS
[INFO] - LOADED 7 COMMANDS
[INFO] - CONNECTION HAS BEEN ESTABLISHED WITH DATABASE
[INFO] - --------------------------------------------------------
[96mReady since[39m :  Wed, 06 Oct 2021 17:17:58 GMT
[96mBot[39m         :  Radius
[96mMembers[39m     :  676
[96mServers[39m     :  2
[93mHAVE A GREAT DAY!![39m
--------------------------------------------------------
[ERROR] - The user aborted a request.
[INFO] - LOADED 7 COMMANDS
[INFO] - LOADED 3 EVENTS
[INFO] - CONNECTION HAS BEEN ESTABLISHED WITH DATABASE
[INFO] - --------------------------------------------------------
[96mReady since[39m :  Wed, 06 Oct 2021 17:19:09 GMT
[96mBot[39m         :  Radius
[96mMembers[39m     :  676
[96mServers[39m     :  2
[93mHAVE A GREAT DAY!![39m
--------------------------------------------------------
[INFO] - LOADED 3 EVENTS
[INFO] - LOADED 7 COMMANDS
[INFO] - CONNECTION HAS BEEN ESTABLISHED WITH DATABASE
[INFO] - --------------------------------------------------------
[96mReady since[39m :  Wed, 06 Oct 2021 17:19:37 GMT
[96mBot[39m         :  Radius
[96mMembers[39m     :  676
[96mServers[39m     :  2
[93mHAVE A GREAT DAY!![39m
--------------------------------------------------------
[INFO] - LOADED 7 COMMANDS
[INFO] - LOADED 3 EVENTS
[INFO] - CONNECTION HAS BEEN ESTABLISHED WITH DATABASE
[ERROR] - request to https://discord.com/api/v9/gateway/bot failed, reason: getaddrinfo ENOTFOUND discord.com
[INFO] - LOADED 3 EVENTS
[INFO] - LOADED 7 COMMANDS
[ERROR] - request to https://discord.com/api/v9/gateway/bot failed, reason: getaddrinfo ENOTFOUND discord.com
[INFO] - CONNECTION HAS BEEN ESTABLISHED WITH DATABASE
[INFO] - LOADED 3 EVENTS
[INFO] - LOADED 7 COMMANDS
[INFO] - CONNECTION HAS BEEN ESTABLISHED WITH DATABASE
[INFO] - --------------------------------------------------------
[96mReady since[39m :  Wed, 06 Oct 2021 17:41:59 GMT
[96mBot[39m         :  Radius
[96mMembers[39m     :  677
[96mServers[39m     :  2
[93mHAVE A GREAT DAY!![39m
--------------------------------------------------------
[INFO] - LOADED 7 COMMANDS
[INFO] - LOADED 3 EVENTS
[INFO] - CONNECTION HAS BEEN ESTABLISHED WITH DATABASE
[INFO] - --------------------------------------------------------
[96mReady since[39m :  Wed, 06 Oct 2021 17:55:02 GMT
[96mBot[39m         :  Radius
[96mMembers[39m     :  677
[96mServers[39m     :  2
[93mHAVE A GREAT DAY!![39m
--------------------------------------------------------
[INFO] - LOADED 3 EVENTS
[INFO] - LOADED 7 COMMANDS
[INFO] - CONNECTION HAS BEEN ESTABLISHED WITH DATABASE
[INFO] - --------------------------------------------------------
[96mReady since[39m :  Wed, 06 Oct 2021 17:58:54 GMT
[96mBot[39m         :  Radius
[96mMembers[39m     :  677
[96mServers[39m     :  2
[93mHAVE A GREAT DAY!![39m
--------------------------------------------------------
[INFO] - LOADED 7 COMMANDS
[INFO] - LOADED 3 EVENTS
[INFO] - CONNECTION HAS BEEN ESTABLISHED WITH DATABASE
[INFO] - --------------------------------------------------------
[96mReady since[39m :  Wed, 06 Oct 2021 17:59:59 GMT
[96mBot[39m         :  Radius
[96mMembers[39m     :  677
[96mServers[39m     :  2
[93mHAVE A GREAT DAY!![39m
--------------------------------------------------------
[INFO] - LOADED 3 EVENTS
[INFO] - LOADED 7 COMMANDS
[INFO] - CONNECTION HAS BEEN ESTABLISHED WITH DATABASE
[INFO] - --------------------------------------------------------
[96mReady since[39m :  Wed, 06 Oct 2021 18:02:33 GMT
[96mBot[39m         :  Radius
[96mMembers[39m     :  677
[96mServers[39m     :  2
[93mHAVE A GREAT DAY!![39m
--------------------------------------------------------
[INFO] - LOADED 7 COMMANDS
[INFO] - LOADED 3 EVENTS
[INFO] - CONNECTION HAS BEEN ESTABLISHED WITH DATABASE
[INFO] - --------------------------------------------------------
[96mReady since[39m :  Wed, 06 Oct 2021 18:05:00 GMT
[96mBot[39m         :  Radius
[96mMembers[39m     :  677
[96mServers[39m     :  2
[93mHAVE A GREAT DAY!![39m
--------------------------------------------------------
[INFO] - LOADED 3 EVENTS
[INFO] - LOADED 7 COMMANDS
[INFO] - CONNECTION HAS BEEN ESTABLISHED WITH DATABASE
[INFO] - --------------------------------------------------------
[96mReady since[39m :  Wed, 06 Oct 2021 18:06:33 GMT
[96mBot[39m         :  Radius
[96mMembers[39m     :  677
[96mServers[39m     :  2
[93mHAVE A GREAT DAY!![39m
--------------------------------------------------------
[INFO] - LOADED 7 COMMANDS
[INFO] - LOADED 3 EVENTS
[INFO] - CONNECTION HAS BEEN ESTABLISHED WITH DATABASE
[INFO] - --------------------------------------------------------
[96mReady since[39m :  Thu, 07 Oct 2021 07:45:24 GMT
[96mBot[39m         :  Radius
[96mMembers[39m     :  677
[96mServers[39m     :  2
[93mHAVE A GREAT DAY!![39m
--------------------------------------------------------
[INFO] - LOADED 3 EVENTS
[INFO] - LOADED 7 COMMANDS
[INFO] - CONNECTION HAS BEEN ESTABLISHED WITH DATABASE
[INFO] - --------------------------------------------------------
[96mReady since[39m :  Thu, 07 Oct 2021 07:48:04 GMT
[96mBot[39m         :  Radius
[96mMembers[39m     :  677
[96mServers[39m     :  2
[93mHAVE A GREAT DAY!![39m
--------------------------------------------------------
[INFO] - LOADED 7 COMMANDS
[INFO] - LOADED 3 EVENTS
[INFO] - CONNECTION HAS BEEN ESTABLISHED WITH DATABASE
[INFO] - --------------------------------------------------------
[96mReady since[39m :  Thu, 07 Oct 2021 07:49:16 GMT
[96mBot[39m         :  Radius
[96mMembers[39m     :  677
[96mServers[39m     :  2
[93mHAVE A GREAT DAY!![39m
--------------------------------------------------------
[INFO] - LOADED 7 COMMANDS
[INFO] - LOADED 3 EVENTS
[INFO] - CONNECTION HAS BEEN ESTABLISHED WITH DATABASE
[INFO] - --------------------------------------------------------
[96mReady since[39m :  Thu, 07 Oct 2021 13:21:22 GMT
[96mBot[39m         :  Radius
[96mMembers[39m     :  677
[96mServers[39m     :  2
[93mHAVE A GREAT DAY!![39m
--------------------------------------------------------
[INFO] - LOADED 7 COMMANDS
[INFO] - LOADED 3 EVENTS
[INFO] - CONNECTION HAS BEEN ESTABLISHED WITH DATABASE
[INFO] - --------------------------------------------------------
[96mReady since[39m :  Thu, 07 Oct 2021 13:22:43 GMT
[96mBot[39m         :  Radius
[96mMembers[39m     :  677
[96mServers[39m     :  2
[93mHAVE A GREAT DAY!![39m
--------------------------------------------------------
[INFO] - LOADED 7 COMMANDS
[INFO] - LOADED 3 EVENTS
[INFO] - CONNECTION HAS BEEN ESTABLISHED WITH DATABASE
[INFO] - --------------------------------------------------------
[96mReady since[39m :  Thu, 07 Oct 2021 13:23:06 GMT
[96mBot[39m         :  Radius
[96mMembers[39m     :  677
[96mServers[39m     :  2
[93mHAVE A GREAT DAY!![39m
--------------------------------------------------------
[INFO] - LOADED 7 COMMANDS
[INFO] - LOADED 3 EVENTS
[INFO] - CONNECTION HAS BEEN ESTABLISHED WITH DATABASE
[INFO] - --------------------------------------------------------
[96mReady since[39m :  Thu, 07 Oct 2021 13:27:32 GMT
[96mBot[39m         :  Radius
[96mMembers[39m     :  677
[96mServers[39m     :  2
[93mHAVE A GREAT DAY!![39m
--------------------------------------------------------
[INFO] - LOADED 3 EVENTS
[INFO] - LOADED 7 COMMANDS
[INFO] - CONNECTION HAS BEEN ESTABLISHED WITH DATABASE
[INFO] - --------------------------------------------------------
[96mReady since[39m :  Thu, 07 Oct 2021 13:27:49 GMT
[96mBot[39m         :  Radius
[96mMembers[39m     :  677
[96mServers[39m     :  2
[93mHAVE A GREAT DAY!![39m
--------------------------------------------------------
[INFO] - LOADED 7 COMMANDS
[INFO] - LOADED 3 EVENTS
[INFO] - CONNECTION HAS BEEN ESTABLISHED WITH DATABASE
[INFO] - --------------------------------------------------------
[96mReady since[39m :  Thu, 07 Oct 2021 13:30:18 GMT
[96mBot[39m         :  Radius
[96mMembers[39m     :  676
[96mServers[39m     :  2
[93mHAVE A GREAT DAY!![39m
--------------------------------------------------------
[INFO] - LOADED 3 EVENTS
[INFO] - LOADED 7 COMMANDS
[INFO] - CONNECTION HAS BEEN ESTABLISHED WITH DATABASE
[INFO] - --------------------------------------------------------
[96mReady since[39m :  Thu, 07 Oct 2021 13:36:20 GMT
[96mBot[39m         :  Radius
[96mMembers[39m     :  676
[96mServers[39m     :  2
[93mHAVE A GREAT DAY!![39m
--------------------------------------------------------
[INFO] - LOADED 7 COMMANDS
[INFO] - LOADED 3 EVENTS
[INFO] - CONNECTION HAS BEEN ESTABLISHED WITH DATABASE
[INFO] - --------------------------------------------------------
[96mReady since[39m :  Thu, 07 Oct 2021 14:22:37 GMT
[96mBot[39m         :  Radius
[96mMembers[39m     :  676
[96mServers[39m     :  2
[93mHAVE A GREAT DAY!![39m
--------------------------------------------------------
[INFO] - LOADED 7 COMMANDS
[INFO] - LOADED 3 EVENTS
[INFO] - CONNECTION HAS BEEN ESTABLISHED WITH DATABASE
[INFO] - --------------------------------------------------------
[96mReady since[39m :  Thu, 07 Oct 2021 14:25:30 GMT
[96mBot[39m         :  Radius
[96mMembers[39m     :  676
[96mServers[39m     :  2
[93mHAVE A GREAT DAY!![39m
--------------------------------------------------------
[INFO] - LOADED 7 COMMANDS
[INFO] - LOADED 3 EVENTS
[INFO] - CONNECTION HAS BEEN ESTABLISHED WITH DATABASE
[INFO] - --------------------------------------------------------
[96mReady since[39m :  Thu, 07 Oct 2021 14:26:09 GMT
[96mBot[39m         :  Radius
[96mMembers[39m     :  676
[96mServers[39m     :  2
[93mHAVE A GREAT DAY!![39m
--------------------------------------------------------
[INFO] - LOADED 7 COMMANDS
[INFO] - LOADED 3 EVENTS
[INFO] - CONNECTION HAS BEEN ESTABLISHED WITH DATABASE
[INFO] - --------------------------------------------------------
[96mReady since[39m :  Thu, 07 Oct 2021 14:38:18 GMT
[96mBot[39m         :  Radius
[96mMembers[39m     :  676
[96mServers[39m     :  2
[93mHAVE A GREAT DAY!![39m
--------------------------------------------------------
[ERROR] - Cannot read properties of undefined (reading 'structure')
[INFO] - LOADED 7 COMMANDS
[INFO] - LOADED 3 EVENTS
[INFO] - CONNECTION HAS BEEN ESTABLISHED WITH DATABASE
[INFO] - --------------------------------------------------------
[96mReady since[39m :  Thu, 07 Oct 2021 14:40:19 GMT
[96mBot[39m         :  Radius
[96mMembers[39m     :  676
[96mServers[39m     :  2
[93mHAVE A GREAT DAY!![39m
--------------------------------------------------------
[ERROR] - Cannot read properties of undefined (reading 'structure')
[ERROR] - Cannot read properties of undefined (reading 'structure')
[ERROR] - Cannot read properties of undefined (reading 'structure')
[INFO] - LOADED 3 EVENTS
[INFO] - LOADED 7 COMMANDS
[INFO] - CONNECTION HAS BEEN ESTABLISHED WITH DATABASE
[INFO] - --------------------------------------------------------
[96mReady since[39m :  Thu, 07 Oct 2021 14:43:08 GMT
[96mBot[39m         :  Radius
[96mMembers[39m     :  676
[96mServers[39m     :  2
[93mHAVE A GREAT DAY!![39m
--------------------------------------------------------
[ERROR] - Cannot read properties of undefined (reading 'name')
[ERROR] - Cannot read properties of undefined (reading 'name')
[INFO] - LOADED 3 EVENTS
[INFO] - LOADED 7 COMMANDS
[INFO] - CONNECTION HAS BEEN ESTABLISHED WITH DATABASE
[INFO] - --------------------------------------------------------
[96mReady since[39m :  Thu, 07 Oct 2021 14:45:20 GMT
[96mBot[39m         :  Radius
[96mMembers[39m     :  676
[96mServers[39m     :  2
[93mHAVE A GREAT DAY!![39m
--------------------------------------------------------
[ERROR] - Cannot read properties of undefined (reading 'structure')
[INFO] - LOADED 3 EVENTS
[INFO] - LOADED 7 COMMANDS
[INFO] - CONNECTION HAS BEEN ESTABLISHED WITH DATABASE
[INFO] - --------------------------------------------------------
[96mReady since[39m :  Thu, 07 Oct 2021 14:48:22 GMT
[96mBot[39m         :  Radius
[96mMembers[39m     :  676
[96mServers[39m     :  2
[93mHAVE A GREAT DAY!![39m
--------------------------------------------------------
[INFO] - LOADED 3 EVENTS
[INFO] - LOADED 7 COMMANDS
[INFO] - CONNECTION HAS BEEN ESTABLISHED WITH DATABASE
[INFO] - --------------------------------------------------------
[96mReady since[39m :  Thu, 07 Oct 2021 14:51:06 GMT
[96mBot[39m         :  Radius
[96mMembers[39m     :  676
[96mServers[39m     :  2
[93mHAVE A GREAT DAY!![39m
--------------------------------------------------------
[INFO] - LOADED 7 COMMANDS
[INFO] - LOADED 3 EVENTS
[INFO] - CONNECTION HAS BEEN ESTABLISHED WITH DATABASE
[INFO] - --------------------------------------------------------
[96mReady since[39m :  Thu, 07 Oct 2021 14:51:19 GMT
[96mBot[39m         :  Radius
[96mMembers[39m     :  676
[96mServers[39m     :  2
[93mHAVE A GREAT DAY!![39m
--------------------------------------------------------
[INFO] - LOADED 7 COMMANDS
[INFO] - LOADED 3 EVENTS
[INFO] - CONNECTION HAS BEEN ESTABLISHED WITH DATABASE
[INFO] - --------------------------------------------------------
[96mReady since[39m :  Fri, 08 Oct 2021 02:16:34 GMT
[96mBot[39m         :  Radius
[96mMembers[39m     :  676
[96mServers[39m     :  2
[93mHAVE A GREAT DAY!![39m
--------------------------------------------------------
